2024-07-25 16:46:36.513 [info] Extension host with pid 3150 started
2024-07-25 16:46:36.527 [info] Lock '/home/nlosacco4/.codeoss/data/User/workspaceStorage/-907236b/vscode.lock': Lock acquired.
2024-07-25 16:46:36.742 [info] ExtensionService#_doActivateExtension vscode.git-base, startup: true, activationEvent: '*', root cause: vscode.git
2024-07-25 16:46:37.990 [error] No bundle location found for extension vscode.git-base
2024-07-25 16:46:37.998 [info] ExtensionService#_doActivateExtension vscode.git, startup: true, activationEvent: '*'
2024-07-25 16:46:37.999 [info] ExtensionService#_doActivateExtension vscode.github, startup: true, activationEvent: '*'
2024-07-25 16:46:38.380 [error] No bundle location found for extension vscode.git
2024-07-25 16:46:38.474 [warning] Using default string since no string found in i18n bundle that has the key: Log level: {0}
2024-07-25 16:46:38.485 [warning] Using default string since no string found in i18n bundle that has the key: Validating found git in: "{0}"
2024-07-25 16:46:38.493 [error] No bundle location found for extension vscode.github
2024-07-25 16:46:38.527 [warning] Using default string since no string found in i18n bundle that has the key: Log level: {0}
2024-07-25 16:46:38.535 [warning] Using default string since no string found in i18n bundle that has the key: Enables the following features: {0}
2024-07-25 16:46:38.536 [warning] Using default string since no string found in i18n bundle that has the key: Using git "{0}" from "{1}"
2024-07-25 16:46:38.548 [warning] Using default string since no string found in i18n bundle that has the key: Git History
2024-07-25 16:46:38.554 [warning] Using default string since no string found in i18n bundle that has the key: Copy vscode.dev Link
2024-07-25 16:46:38.555 [info] Eager extensions activated
2024-07-25 16:46:38.555 [info] ExtensionService#_doActivateExtension EditorConfig.EditorConfig, startup: false, activationEvent: 'onStartupFinished'
2024-07-25 16:46:38.556 [info] ExtensionService#_doActivateExtension google.cloud-shell, startup: false, activationEvent: 'onStartupFinished'
2024-07-25 16:46:38.556 [info] ExtensionService#_doActivateExtension googlecloudtools.cloudcode, startup: false, activationEvent: 'onStartupFinished'
2024-07-25 16:46:38.557 [info] ExtensionService#_doActivateExtension vscode.debug-auto-launch, startup: false, activationEvent: 'onStartupFinished'
2024-07-25 16:46:38.557 [info] ExtensionService#_doActivateExtension vscode.merge-conflict, startup: false, activationEvent: 'onStartupFinished'
2024-07-25 16:46:38.950 [error] No bundle location found for extension EditorConfig.EditorConfig
2024-07-25 16:46:39.085 [error] No bundle location found for extension vscode.merge-conflict
2024-07-25 16:46:39.114 [warning] Using default string since no string found in i18n bundle that has the key: (Current Change)
2024-07-25 16:46:39.115 [warning] Using default string since no string found in i18n bundle that has the key: (Incoming Change)
2024-07-25 16:46:39.120 [error] No bundle location found for extension googlecloudtools.cloudcode
2024-07-25 16:46:41.251 [error] No bundle location found for extension vscode.debug-auto-launch
2024-07-25 16:46:41.251 [error] No bundle location found for extension google.cloud-shell
2024-07-25 16:46:41.253 [warning] Using default string since no string found in i18n bundle that has the key: Auto Attach: Disabled
2024-07-25 16:46:41.253 [warning] Using default string since no string found in i18n bundle that has the key: Auto Attach: Always
2024-07-25 16:46:41.253 [warning] Using default string since no string found in i18n bundle that has the key: Auto Attach: Smart
2024-07-25 16:46:41.253 [warning] Using default string since no string found in i18n bundle that has the key: Auto Attach: With Flag
2024-07-25 16:46:41.253 [warning] Using default string since no string found in i18n bundle that has the key: Disabled
2024-07-25 16:46:41.253 [warning] Using default string since no string found in i18n bundle that has the key: Always
2024-07-25 16:46:41.253 [warning] Using default string since no string found in i18n bundle that has the key: Smart
2024-07-25 16:46:41.253 [warning] Using default string since no string found in i18n bundle that has the key: Only With Flag
2024-07-25 16:46:41.253 [warning] Using default string since no string found in i18n bundle that has the key: Auto attach is disabled and not shown in status bar
2024-07-25 16:46:41.253 [warning] Using default string since no string found in i18n bundle that has the key: Auto attach to every Node.js process launched in the terminal
2024-07-25 16:46:41.253 [warning] Using default string since no string found in i18n bundle that has the key: Auto attach when running scripts that aren't in a node_modules folder
2024-07-25 16:46:41.253 [warning] Using default string since no string found in i18n bundle that has the key: Only auto attach when the `--inspect` flag is given
2024-07-25 16:46:41.253 [warning] Using default string since no string found in i18n bundle that has the key: Toggle auto attach in this workspace
2024-07-25 16:46:41.253 [warning] Using default string since no string found in i18n bundle that has the key: Toggle auto attach on this machine
2024-07-25 16:46:41.253 [warning] Using default string since no string found in i18n bundle that has the key: Temporarily disable auto attach in this session
2024-07-25 16:46:41.253 [warning] Using default string since no string found in i18n bundle that has the key: Re-enable auto attach
2024-07-25 16:46:41.253 [warning] Using default string since no string found in i18n bundle that has the key: Auto Attach: Disabled
2024-07-25 16:46:41.396 [info] ExtensionService#_doActivateExtension vscode.json-language-features, startup: false, activationEvent: 'onLanguage:jsonc'
2024-07-25 16:46:41.397 [info] ExtensionService#_doActivateExtension vscode.typescript-language-features, startup: false, activationEvent: 'onLanguage:jsonc'
2024-07-25 16:46:41.398 [info] ExtensionService#_doActivateExtension vscode.emmet, startup: false, activationEvent: 'onLanguage'
2024-07-25 16:46:41.780 [error] No bundle location found for extension vscode.emmet
2024-07-25 16:46:41.780 [error] No bundle location found for extension vscode.typescript-language-features
2024-07-25 16:46:41.887 [warning] Using default string since no string found in i18n bundle that has the key: Learn more about managing TypeScript versions
2024-07-25 16:46:41.931 [error] No bundle location found for extension vscode.json-language-features
2024-07-25 16:46:42.067 [warning] Using default string since no string found in i18n bundle that has the key: Configure
2024-07-25 16:46:42.068 [warning] Using default string since no string found in i18n bundle that has the key: JSON Language Server
2024-07-25 16:46:42.173 [warning] Using default string since no string found in i18n bundle that has the key: JSON: Schema Resolution Error
2024-07-25 16:46:42.502 [warning] Using default string since no string found in i18n bundle that has the key: Unable to resolve schema. Click to retry.
2024-07-25 16:46:42.503 [warning] Using default string since no string found in i18n bundle that has the key: JSON Validation Status
2024-07-25 16:46:42.503 [warning] Using default string since no string found in i18n bundle that has the key: Unable to compute used schemas: No document
2024-07-25 16:46:42.769 [info] ExtensionService#_doActivateExtension vscode.markdown-language-features, startup: false, activationEvent: 'onCommand:markdown.showPreview'
2024-07-25 16:46:44.471 [error] No bundle location found for extension vscode.markdown-language-features
2024-07-25 16:46:44.815 [warning] Using default string since no string found in i18n bundle that has the key: Some content has been disabled in this document
2024-07-25 16:46:44.815 [warning] Using default string since no string found in i18n bundle that has the key: Potentially unsafe or insecure content has been disabled in the Markdown preview. Change the Markdown preview security setting to allow insecure content or enable scripts
2024-07-25 16:46:44.815 [warning] Using default string since no string found in i18n bundle that has the key: Content Disabled Security Warning
2024-07-25 16:46:44.879 [warning] Using default string since no string found in i18n bundle that has the key: Markdown Language Server
2024-07-25 16:46:45.733 [warning] Using default string since no string found in i18n bundle that has the key: Preview {0}
2024-07-25 16:46:45.988 [info] ExtensionService#_doActivateExtension vscode.extension-editing, startup: false, activationEvent: 'onLanguage:markdown'
2024-07-25 16:46:46.147 [info] ExtensionService#_doActivateExtension vscode.markdown-math, startup: false, activationEvent: 'api', root cause: vscode.markdown-language-features
2024-07-25 16:46:46.615 [error] No bundle location found for extension vscode.markdown-math
2024-07-25 16:46:46.615 [error] No bundle location found for extension vscode.extension-editing
2024-07-25 16:46:46.681 [warning] Using default string since no string found in i18n bundle that has the key: This activation event cannot be explicitly listed by your extension.
2024-07-25 16:46:46.681 [warning] Using default string since no string found in i18n bundle that has the key: This activation event can be removed as Code OSS generates these automatically from your package.json contribution declarations.
2024-07-25 16:46:46.683 [warning] Using default string since no string found in i18n bundle that has the key: Images must use the HTTPS protocol.
2024-07-25 16:46:46.683 [warning] Using default string since no string found in i18n bundle that has the key: SVGs are not a valid image source.
2024-07-25 16:46:46.683 [warning] Using default string since no string found in i18n bundle that has the key: Embedded SVGs are not a valid image source.
2024-07-25 16:46:46.683 [warning] Using default string since no string found in i18n bundle that has the key: Data URLs are not a valid image source.
2024-07-25 16:46:46.683 [warning] Using default string since no string found in i18n bundle that has the key: Relative image URLs require a repository with HTTPS protocol to be specified in the package.json.
2024-07-25 16:46:46.683 [warning] Using default string since no string found in i18n bundle that has the key: Relative badge URLs require a repository with HTTPS protocol to be specified in this package.json.
2024-07-25 16:46:46.683 [warning] Using default string since no string found in i18n bundle that has the key: This proposal cannot be used because for this extension the product defines a fixed set of API proposals. You can test your extension but before publishing you MUST reach out to the Code OSS team.
2024-07-25 16:46:46.683 [warning] Using default string since no string found in i18n bundle that has the key: This activation event can be removed for extensions targeting engine version ^1.75 as Code OSS will generate these automatically from your package.json contribution declarations.
2024-07-25 16:46:46.683 [warning] Using default string since no string found in i18n bundle that has the key: Using '*' activation is usually a bad idea as it impacts performance.
2024-07-25 16:46:46.683 [warning] Using default string since no string found in i18n bundle that has the key: Error parsing the when-clause:
2024-07-25 16:46:46.796 [warning] Using default string since no string found in i18n bundle that has the key: Preview {0}
2024-07-25 16:46:57.529 [warning] Using default string since no string found in i18n bundle that has the key: Loading JSON info
2024-07-25 16:46:57.581 [warning] Using default string since no string found in i18n bundle that has the key: No Schema Validation
2024-07-25 16:46:57.582 [warning] Using default string since no string found in i18n bundle that has the key: no JSON schema configured
2024-07-25 16:46:57.582 [warning] Using default string since no string found in i18n bundle that has the key: Show Schemas
2024-07-25 16:47:26.286 [warning] Using default string since no string found in i18n bundle that has the key: Unable to compute used schemas: No document
2024-07-25 16:47:53.302 [warning] Using default string since no string found in i18n bundle that has the key: (Current Change)
2024-07-25 16:47:53.303 [warning] Using default string since no string found in i18n bundle that has the key: (Incoming Change)
2024-07-25 16:49:05.222 [warning] Using default string since no string found in i18n bundle that has the key: Loading JSON info
2024-07-25 16:49:05.229 [warning] Using default string since no string found in i18n bundle that has the key: No Schema Validation
2024-07-25 16:49:05.229 [warning] Using default string since no string found in i18n bundle that has the key: no JSON schema configured
2024-07-25 16:49:05.229 [warning] Using default string since no string found in i18n bundle that has the key: Show Schemas
2024-07-25 16:49:59.369 [warning] Using default string since no string found in i18n bundle that has the key: Unable to compute used schemas: No document
2024-07-25 16:49:59.514 [warning] Using default string since no string found in i18n bundle that has the key: Loading JSON info
2024-07-25 16:49:59.543 [warning] Using default string since no string found in i18n bundle that has the key: No Schema Validation
2024-07-25 16:49:59.543 [warning] Using default string since no string found in i18n bundle that has the key: no JSON schema configured
2024-07-25 16:49:59.543 [warning] Using default string since no string found in i18n bundle that has the key: Show Schemas
2024-07-25 16:50:03.963 [warning] Using default string since no string found in i18n bundle that has the key: Unable to compute used schemas: No document
2024-07-25 16:50:04.073 [warning] Using default string since no string found in i18n bundle that has the key: Loading JSON info
2024-07-25 16:50:04.098 [warning] Using default string since no string found in i18n bundle that has the key: No Schema Validation
2024-07-25 16:50:04.098 [warning] Using default string since no string found in i18n bundle that has the key: no JSON schema configured
2024-07-25 16:50:04.098 [warning] Using default string since no string found in i18n bundle that has the key: Show Schemas
2024-07-25 16:50:12.091 [warning] Using default string since no string found in i18n bundle that has the key: Unable to compute used schemas: No document
2024-07-25 16:50:20.314 [warning] Using default string since no string found in i18n bundle that has the key: (Current Change)
2024-07-25 16:50:20.315 [warning] Using default string since no string found in i18n bundle that has the key: (Incoming Change)
2024-07-25 16:50:20.456 [info] ExtensionService#_doActivateExtension ms-dotnettools.vscode-dotnet-runtime, startup: false, activationEvent: 'onStartupFinished'
2024-07-25 16:50:20.821 [info] ExtensionService#_doActivateExtension muhammad-sammy.csharp, startup: false, activationEvent: 'onLanguage:csharp'
2024-07-25 16:50:21.075 [error] Failed to load translations for muhammad-sammy.csharp from file:///home/nlosacco4/.codeoss/extensions/muhammad-sammy.csharp-2.34.12-universal/l10n/bundle.l10n.it-it.json: Unable to read file 'vscode-remote://970-cs-508d5b65-2624-46fe-b446-168110a7b99c.cs-europe-west1-iuzs.cloudshell.dev/home/nlosacco4/.codeoss/extensions/muhammad-sammy.csharp-2.34.12-universal/l10n/bundle.l10n.it-it.json' (Error: Unable to resolve nonexistent file 'vscode-remote://970-cs-508d5b65-2624-46fe-b446-168110a7b99c.cs-europe-west1-iuzs.cloudshell.dev/home/nlosacco4/.codeoss/extensions/muhammad-sammy.csharp-2.34.12-universal/l10n/bundle.l10n.it-it.json')
2024-07-25 16:50:21.481 [warning] Using default string since no string found in i18n bundle that has the key: Run and Debug: auto-detection found {0} for a launch browser
2024-07-25 16:50:31.026 [warning] Using default string since no string found in i18n bundle that has the key: Loading JSON info
2024-07-25 16:50:31.063 [warning] Using default string since no string found in i18n bundle that has the key: No Schema Validation
2024-07-25 16:50:31.064 [warning] Using default string since no string found in i18n bundle that has the key: no JSON schema configured
2024-07-25 16:50:31.064 [warning] Using default string since no string found in i18n bundle that has the key: Show Schemas
2024-07-25 16:50:31.476 [warning] Using default string since no string found in i18n bundle that has the key: Unable to compute used schemas: No document
2024-07-25 16:50:39.592 [warning] DiagnosticCollection with name 'csharp' does already exist.
2024-07-25 16:50:42.012 [warning] Using default string since no string found in i18n bundle that has the key: Yes
2024-07-25 16:50:42.012 [warning] Using default string since no string found in i18n bundle that has the key: Not Now
2024-07-25 16:50:42.012 [warning] Using default string since no string found in i18n bundle that has the key: Don't Ask Again
2024-07-25 16:50:42.012 [warning] Using default string since no string found in i18n bundle that has the key: Required assets to build and debug are missing from '{0}'. Add them?
2024-07-25 16:50:51.077 [warning] Using default string since no string found in i18n bundle that has the key: Use IntelliSense to find out which attributes exist for C# debugging
2024-07-25 16:50:51.077 [warning] Using default string since no string found in i18n bundle that has the key: Use hover for the description of the existing attributes
2024-07-25 16:50:51.077 [warning] Using default string since no string found in i18n bundle that has the key: For further information visit {0}.
2024-07-25 16:50:51.077 [warning] Using default string since no string found in i18n bundle that has the key: If you have changed target frameworks, make sure to update the program path.
2024-07-25 16:50:51.077 [warning] Using default string since no string found in i18n bundle that has the key: Enable launching a web browser when ASP.NET Core starts. For more information: {0}
2024-07-25 16:50:51.914 [warning] Using default string since no string found in i18n bundle that has the key: (Current Change)
2024-07-25 16:50:51.915 [warning] Using default string since no string found in i18n bundle that has the key: (Incoming Change)
2024-07-25 16:54:28.703 [warning] Using default string since no string found in i18n bundle that has the key: Loading JSON info
2024-07-25 16:54:28.706 [warning] Using default string since no string found in i18n bundle that has the key: Unable to compute used schemas: No document
2024-07-25 16:54:28.712 [warning] Using default string since no string found in i18n bundle that has the key: No Schema Validation
2024-07-25 16:54:28.712 [warning] Using default string since no string found in i18n bundle that has the key: no JSON schema configured
2024-07-25 16:54:28.712 [warning] Using default string since no string found in i18n bundle that has the key: Show Schemas
2024-07-25 16:54:28.998 [warning] Using default string since no string found in i18n bundle that has the key: Loading JSON info
2024-07-25 16:54:29.004 [warning] Using default string since no string found in i18n bundle that has the key: No Schema Validation
2024-07-25 16:54:29.004 [warning] Using default string since no string found in i18n bundle that has the key: no JSON schema configured
2024-07-25 16:54:29.004 [warning] Using default string since no string found in i18n bundle that has the key: Show Schemas
2024-07-25 16:54:30.438 [info] ExtensionService#_doActivateExtension vscode.simple-browser, startup: false, activationEvent: 'onOpenExternalUri:https'
2024-07-25 16:54:32.200 [error] No bundle location found for extension vscode.simple-browser
2024-07-25 16:54:32.205 [warning] Using default string since no string found in i18n bundle that has the key: Simple Browser
2024-07-25 16:54:32.206 [warning] Using default string since no string found in i18n bundle that has the key: Open in simple browser
2024-07-25 16:55:21.729 [warning] Using default string since no string found in i18n bundle that has the key: Unable to compute used schemas: No document
2024-07-25 16:55:22.380 [warning] Using default string since no string found in i18n bundle that has the key: Loading JSON info
2024-07-25 16:55:22.423 [warning] Using default string since no string found in i18n bundle that has the key: No Schema Validation
2024-07-25 16:55:22.423 [warning] Using default string since no string found in i18n bundle that has the key: no JSON schema configured
2024-07-25 16:55:22.423 [warning] Using default string since no string found in i18n bundle that has the key: Show Schemas
2024-07-25 16:55:22.763 [error] "System.ArgumentException: 'Startup.cs' is not open.\n   at Microsoft.CodeAnalysis.Workspace.CheckDocumentIsOpen(DocumentId documentId)\n   at Microsoft.CodeAnalysis.Workspace.<>c.<OnDocumentClosedEx>b__207_0(Solution oldSolution, ValueTuple`4 data)\n   at Microsoft.CodeAnalysis.Workspace.SetCurrentSolutionAsync[TData](Boolean useAsync, TData data, Func`3 transformation, Boolean mayRaiseEvents, Action`3 onBeforeUpdate, Action`3 onAfterUpdate, CancellationToken cancellationToken)\n   at Roslyn.Utilities.ValueTaskExtensions.VerifyCompleted[T](ValueTask`1 task, String message)\n   at Microsoft.CodeAnalysis.Workspace.SetCurrentSolution[TData](TData data, Func`3 transformation, Boolean mayRaiseEvents, Action`3 onBeforeUpdate, Action`3 onAfterUpdate)\n   at Microsoft.CodeAnalysis.Workspace.OnDocumentClosedEx(DocumentId documentId, TextLoader reloader, Boolean requireDocumentPresentAndOpen)\n   at Microsoft.CodeAnalysis.Workspace.OnDocumentClosed(DocumentId documentId, TextLoader reloader, Boolean updateActiveContext)\n   at OmniSharp.OmniSharpWorkspace.CloseDocument(DocumentId documentId) in /home/vsts/work/1/s/src/OmniSharp.Roslyn/OmniSharpWorkspace.cs:line 106\n   at OmniSharp.Roslyn.CSharp.Services.Files.FileCloseService.Handle(FileCloseRequest request) in /home/vsts/work/1/s/src/OmniSharp.Roslyn.CSharp/Services/Files/FileCloseService.cs:line 25\n   at OmniSharp.Endpoint.Exports.RequestHandlerExportHandler`2.Handle(TRequest request) in /home/vsts/work/1/s/src/OmniSharp.Host/Endpoint/Exports/RequestHandlerExportHandler.cs:line 29\n   at OmniSharp.Endpoint.EndpointHandler`2.AggregateResponsesFromLanguageHandlers(ExportHandler`2[] handlers, TRequest request) in /home/vsts/work/1/s/src/OmniSharp.Host/Endpoint/EndpointHandler.cs:line 165\n   at OmniSharp.Endpoint.EndpointHandler`2.HandleRequestForLanguage(String language, TRequest request, RequestPacket packet) in /home/vsts/work/1/s/src/OmniSharp.Host/Endpoint/EndpointHandler.cs:line 226\n   at OmniSharp.Endpoint.EndpointHandler`2.Process(RequestPacket packet, LanguageModel model, JToken requestObject) in /home/vsts/work/1/s/src/OmniSharp.Host/Endpoint/EndpointHandler.cs:line 130\n   at OmniSharp.Stdio.Host.HandleRequest(String json, ILogger logger) in /home/vsts/work/1/s/src/OmniSharp.Stdio/Host.cs:line 218"
2024-07-25 16:55:28.096 [warning] Using default string since no string found in i18n bundle that has the key: Unable to compute used schemas: No document
2024-07-25 16:55:28.211 [warning] Using default string since no string found in i18n bundle that has the key: Loading JSON info
2024-07-25 16:55:28.247 [warning] Using default string since no string found in i18n bundle that has the key: No Schema Validation
2024-07-25 16:55:28.247 [warning] Using default string since no string found in i18n bundle that has the key: no JSON schema configured
2024-07-25 16:55:28.248 [warning] Using default string since no string found in i18n bundle that has the key: Show Schemas
2024-07-25 16:55:28.854 [info] ExtensionService#_doActivateExtension vscode.html-language-features, startup: false, activationEvent: 'onLanguage:html'
2024-07-25 16:55:29.610 [error] No bundle location found for extension vscode.html-language-features
2024-07-25 16:55:29.682 [warning] Using default string since no string found in i18n bundle that has the key: HTML Language Server
2024-07-25 16:55:47.102 [warning] Using default string since no string found in i18n bundle that has the key: Unable to compute used schemas: No document
2024-07-25 16:55:47.105 [warning] Using default string since no string found in i18n bundle that has the key: Loading JSON info
2024-07-25 16:55:47.144 [warning] Using default string since no string found in i18n bundle that has the key: No Schema Validation
2024-07-25 16:55:47.144 [warning] Using default string since no string found in i18n bundle that has the key: no JSON schema configured
2024-07-25 16:55:47.145 [warning] Using default string since no string found in i18n bundle that has the key: Show Schemas
2024-07-25 16:55:48.551 [warning] Using default string since no string found in i18n bundle that has the key: Unable to compute used schemas: No document
2024-07-25 16:55:48.554 [warning] Using default string since no string found in i18n bundle that has the key: Loading JSON info
2024-07-25 16:55:48.584 [warning] Using default string since no string found in i18n bundle that has the key: No Schema Validation
2024-07-25 16:55:48.584 [warning] Using default string since no string found in i18n bundle that has the key: no JSON schema configured
2024-07-25 16:55:48.584 [warning] Using default string since no string found in i18n bundle that has the key: Show Schemas
2024-07-25 16:58:29.796 [error] "System.ArgumentException: 'Index.cshtml__virtual.cs' is not open.\n   at Microsoft.CodeAnalysis.Workspace.CheckDocumentIsOpen(DocumentId documentId)\n   at Microsoft.CodeAnalysis.Workspace.<>c.<OnDocumentClosedEx>b__207_0(Solution oldSolution, ValueTuple`4 data)\n   at Microsoft.CodeAnalysis.Workspace.SetCurrentSolutionAsync[TData](Boolean useAsync, TData data, Func`3 transformation, Boolean mayRaiseEvents, Action`3 onBeforeUpdate, Action`3 onAfterUpdate, CancellationToken cancellationToken)\n   at Roslyn.Utilities.ValueTaskExtensions.VerifyCompleted[T](ValueTask`1 task, String message)\n   at Microsoft.CodeAnalysis.Workspace.SetCurrentSolution[TData](TData data, Func`3 transformation, Boolean mayRaiseEvents, Action`3 onBeforeUpdate, Action`3 onAfterUpdate)\n   at Microsoft.CodeAnalysis.Workspace.OnDocumentClosedEx(DocumentId documentId, TextLoader reloader, Boolean requireDocumentPresentAndOpen)\n   at Microsoft.CodeAnalysis.Workspace.OnDocumentClosed(DocumentId documentId, TextLoader reloader, Boolean updateActiveContext)\n   at OmniSharp.OmniSharpWorkspace.CloseDocument(DocumentId documentId) in /home/vsts/work/1/s/src/OmniSharp.Roslyn/OmniSharpWorkspace.cs:line 106\n   at OmniSharp.Roslyn.CSharp.Services.Files.FileCloseService.Handle(FileCloseRequest request) in /home/vsts/work/1/s/src/OmniSharp.Roslyn.CSharp/Services/Files/FileCloseService.cs:line 25\n   at OmniSharp.Endpoint.Exports.RequestHandlerExportHandler`2.Handle(TRequest request) in /home/vsts/work/1/s/src/OmniSharp.Host/Endpoint/Exports/RequestHandlerExportHandler.cs:line 29\n   at OmniSharp.Endpoint.EndpointHandler`2.AggregateResponsesFromLanguageHandlers(ExportHandler`2[] handlers, TRequest request) in /home/vsts/work/1/s/src/OmniSharp.Host/Endpoint/EndpointHandler.cs:line 165\n   at OmniSharp.Endpoint.EndpointHandler`2.HandleRequestForLanguage(String language, TRequest request, RequestPacket packet) in /home/vsts/work/1/s/src/OmniSharp.Host/Endpoint/EndpointHandler.cs:line 226\n   at OmniSharp.Endpoint.EndpointHandler`2.Process(RequestPacket packet, LanguageModel model, JToken requestObject) in /home/vsts/work/1/s/src/OmniSharp.Host/Endpoint/EndpointHandler.cs:line 130\n   at OmniSharp.Stdio.Host.HandleRequest(String json, ILogger logger) in /home/vsts/work/1/s/src/OmniSharp.Stdio/Host.cs:line 218"
2024-07-25 16:58:49.927 [info] Extension host terminating: received terminate message from renderer
2024-07-25 16:58:49.927 [info] Lock '/home/nlosacco4/.codeoss/data/User/workspaceStorage/-907236b/vscode.lock': Marking the lockfile as scheduled to be released in 6000 ms.
2024-07-25 16:58:49.997 [info] Extension host with pid 3150 exiting with code 0
