Initializing document watcher...
Document watcher initialized
hello-world-1/Dockerfile: {}
hello-world-1/Dockerfile: {}
/User/settings.json: Using EditorConfig core...
No more open editors.
No more open editors.
undefined: {}
hello-world-1/Program.cs: {}
hello-world-1/Startup.cs: {}
hello-world-1/Startup.cs: {}
No more open editors.
No more open editors.
undefined: {}
undefined: {}
hello-world-1/Pages/Index.cshtml.cs: {}
hello-world-1/Pages/Index.cshtml: {}
hello-world-1/Pages/Index.cshtml.cs: {}
hello-world-1/Pages/Index.cshtml: {}
hello-world-1/Pages/Index.cshtml: {}
hello-world-1/Pages/Index.cshtml: {}
hello-world-1/Pages/Index.cshtml: {}
hello-world-1/Pages/Index.cshtml: {}
hello-world-1/Pages/Index.cshtml: {}
hello-world-1/Pages/Index.cshtml: {}
hello-world-1/Pages/Index.cshtml: {}
