Starting OmniSharp server at 7/25/2024, 4:50:36 PM
    Target: /home/nlosacco4/hello-world-1

OmniSharp server started with .NET 8.0.107
.
    Path: /home/nlosacco4/.codeoss/extensions/muhammad-sammy.csharp-2.34.12-universal/.omnisharp/1.39.11-net6.0/OmniSharp.dll
    PID: 6570

[info]: OmniSharp.Stdio.Host
        Starting OmniSharp on Unknown 0.0 (Unknown)
[info]: OmniSharp.Services.DotNetCliService
        Checking the 'DOTNET_ROOT' environment variable to find a .NET SDK
[info]: OmniSharp.Services.DotNetCliService
        Using the 'dotnet' on the PATH.
[info]: OmniSharp.Services.DotNetCliService
        DotNetPath set to dotnet
[info]: OmniSharp.MSBuild.Discovery.MSBuildLocator
        Located 3 MSBuild instance(s)
            1: .NET Core SDK 8.0.107 17.8.5 - "/usr/lib/dotnet/sdk/8.0.107"
            2: .NET Core SDK 7.0.119 17.4.8 - "/usr/lib/dotnet/sdk/7.0.119"
            3: .NET Core SDK 6.0.132 17.0.3 - "/usr/lib/dotnet/sdk/6.0.132"
[info]: OmniSharp.MSBuild.Discovery.MSBuildLocator
        Registered MSBuild instance: .NET Core SDK 8.0.107 17.8.5 - "/usr/lib/dotnet/sdk/8.0.107"
[info]: OmniSharp.WorkspaceInitializer
        Invoking Workspace Options Provider: OmniSharp.Roslyn.CSharp.Services.CSharpFormattingWorkspaceOptionsProvider, Order: 0
[info]: OmniSharp.Cake.CakeProjectSystem
        Detecting Cake files in '/home/nlosacco4/hello-world-1/'.
[info]: OmniSharp.Cake.CakeProjectSystem
        Did not find any Cake files
[info]: OmniSharp.MSBuild.ProjectSystem
        No solution files found in '/home/nlosacco4/hello-world-1/'
[info]: OmniSharp.MSBuild.ProjectManager
        Queue project update for '/home/nlosacco4/hello-world-1/dotnet-cloud-run-hello-world.csproj'
[info]: OmniSharp.Script.ScriptProjectSystem
        Detecting CSX files in '/home/nlosacco4/hello-world-1/'.
[info]: OmniSharp.Script.ScriptProjectSystem
        Did not find any CSX files
[info]: OmniSharp.WorkspaceInitializer
        Configuration finished.
[info]: OmniSharp.Stdio.Host
        Omnisharp server running using Stdio at location '/home/nlosacco4/hello-world-1/' on host 3150.
[info]: OmniSharp.MSBuild.ProjectManager
        Loading project: /home/nlosacco4/hello-world-1/dotnet-cloud-run-hello-world.csproj
[info]: OmniSharp.MSBuild.ProjectManager
        Successfully loaded project file '/home/nlosacco4/hello-world-1/dotnet-cloud-run-hello-world.csproj'.
[info]: OmniSharp.MSBuild.ProjectManager
        Adding project '/home/nlosacco4/hello-world-1/dotnet-cloud-run-hello-world.csproj'
[info]: OmniSharp.MSBuild.ProjectManager
        Update project: dotnet-cloud-run-hello-world
[info]: OmniSharp.Roslyn.CSharp.Services.Diagnostics.CSharpDiagnosticWorkerWithAnalyzers
        Solution initialized -> queue all documents for code analysis. Initial document count: 8.
[warn]: OmniSharp.Roslyn.CSharp.Services.Navigation.FindUsagesService
        No symbol found. File: /home/nlosacco4/hello-world-1/Startup.cs, Line: 0, Column: 0.
[warn]: OmniSharp.Roslyn.CSharp.Services.Navigation.FindUsagesService
        No symbol found. File: /home/nlosacco4/hello-world-1/Startup.cs, Line: 0, Column: 0.
[warn]: OmniSharp.Stdio.Host
        ************ Request ************
{
  "Type": "request",
  "Seq": 16,
  "Command": "/close",
  "Arguments": {
    "FileName": "/home/nlosacco4/hello-world-1/Startup.cs"
  }
}
[fail]: OmniSharp.Stdio.Host
        ************  Response (30.0705ms) ************ 
{
  "Request_seq": 16,
  "Command": "/close",
  "Running": true,
  "Success": false,
  "Message": "\"System.ArgumentException: 'Startup.cs' is not open.\\n   at Microsoft.CodeAnalysis.Workspace.CheckDocumentIsOpen(DocumentId documentId)\\n   at Microsoft.CodeAnalysis.Workspace.<>c.<OnDocumentClosedEx>b__207_0(Solution oldSolution, ValueTuple`4 data)\\n   at Microsoft.CodeAnalysis.Workspace.SetCurrentSolutionAsync[TData](Boolean useAsync, TData data, Func`3 transformation, Boolean mayRaiseEvents, Action`3 onBeforeUpdate, Action`3 onAfterUpdate, CancellationToken cancellationToken)\\n   at Roslyn.Utilities.ValueTaskExtensions.VerifyCompleted[T](ValueTask`1 task, String message)\\n   at Microsoft.CodeAnalysis.Workspace.SetCurrentSolution[TData](TData data, Func`3 transformation, Boolean mayRaiseEvents, Action`3 onBeforeUpdate, Action`3 onAfterUpdate)\\n   at Microsoft.CodeAnalysis.Workspace.OnDocumentClosedEx(DocumentId documentId, TextLoader reloader, Boolean requireDocumentPresentAndOpen)\\n   at Microsoft.CodeAnalysis.Workspace.OnDocumentClosed(DocumentId documentId, TextLoader reloader, Boolean updateActiveContext)\\n   at OmniSharp.OmniSharpWorkspace.CloseDocument(DocumentId documentId) in /home/vsts/work/1/s/src/OmniSharp.Roslyn/OmniSharpWorkspace.cs:line 106\\n   at OmniSharp.Roslyn.CSharp.Services.Files.FileCloseService.Handle(FileCloseRequest request) in /home/vsts/work/1/s/src/OmniSharp.Roslyn.CSharp/Services/Files/FileCloseService.cs:line 25\\n   at OmniSharp.Endpoint.Exports.RequestHandlerExportHandler`2.Handle(TRequest request) in /home/vsts/work/1/s/src/OmniSharp.Host/Endpoint/Exports/RequestHandlerExportHandler.cs:line 29\\n   at OmniSharp.Endpoint.EndpointHandler`2.AggregateResponsesFromLanguageHandlers(ExportHandler`2[] handlers, TRequest request) in /home/vsts/work/1/s/src/OmniSharp.Host/Endpoint/EndpointHandler.cs:line 165\\n   at OmniSharp.Endpoint.EndpointHandler`2.HandleRequestForLanguage(String language, TRequest request, RequestPacket packet) in /home/vsts/work/1/s/src/OmniSharp.Host/Endpoint/EndpointHandler.cs:line 226\\n   at OmniSharp.Endpoint.EndpointHandler`2.Process(RequestPacket packet, LanguageModel model, JToken requestObject) in /home/vsts/work/1/s/src/OmniSharp.Host/Endpoint/EndpointHandler.cs:line 130\\n   at OmniSharp.Stdio.Host.HandleRequest(String json, ILogger logger) in /home/vsts/work/1/s/src/OmniSharp.Stdio/Host.cs:line 218\"",
  "Body": null,
  "Seq": 56,
  "Type": "response"
}
[info]: OmniSharp.Roslyn.CSharp.Services.Diagnostics.CSharpDiagnosticWorkerWithAnalyzers
        Analyzer work cancelled.
[info]: OmniSharp.Roslyn.CSharp.Services.Diagnostics.CSharpDiagnosticWorkerWithAnalyzers
        Analyzer work cancelled.
[info]: OmniSharp.Roslyn.CSharp.Services.Diagnostics.CSharpDiagnosticWorkerWithAnalyzers
        Analyzer work cancelled.
[warn]: OmniSharp.Stdio.Host
        ************ Request ************
{
  "Type": "request",
  "Seq": 65,
  "Command": "/close",
  "Arguments": {
    "FileName": "/home/nlosacco4/hello-world-1/Pages/Index.cshtml__virtual.cs"
  }
}
[fail]: OmniSharp.Stdio.Host
        ************  Response (2.7402ms) ************ 
{
  "Request_seq": 65,
  "Command": "/close",
  "Running": true,
  "Success": false,
  "Message": "\"System.ArgumentException: 'Index.cshtml__virtual.cs' is not open.\\n   at Microsoft.CodeAnalysis.Workspace.CheckDocumentIsOpen(DocumentId documentId)\\n   at Microsoft.CodeAnalysis.Workspace.<>c.<OnDocumentClosedEx>b__207_0(Solution oldSolution, ValueTuple`4 data)\\n   at Microsoft.CodeAnalysis.Workspace.SetCurrentSolutionAsync[TData](Boolean useAsync, TData data, Func`3 transformation, Boolean mayRaiseEvents, Action`3 onBeforeUpdate, Action`3 onAfterUpdate, CancellationToken cancellationToken)\\n   at Roslyn.Utilities.ValueTaskExtensions.VerifyCompleted[T](ValueTask`1 task, String message)\\n   at Microsoft.CodeAnalysis.Workspace.SetCurrentSolution[TData](TData data, Func`3 transformation, Boolean mayRaiseEvents, Action`3 onBeforeUpdate, Action`3 onAfterUpdate)\\n   at Microsoft.CodeAnalysis.Workspace.OnDocumentClosedEx(DocumentId documentId, TextLoader reloader, Boolean requireDocumentPresentAndOpen)\\n   at Microsoft.CodeAnalysis.Workspace.OnDocumentClosed(DocumentId documentId, TextLoader reloader, Boolean updateActiveContext)\\n   at OmniSharp.OmniSharpWorkspace.CloseDocument(DocumentId documentId) in /home/vsts/work/1/s/src/OmniSharp.Roslyn/OmniSharpWorkspace.cs:line 106\\n   at OmniSharp.Roslyn.CSharp.Services.Files.FileCloseService.Handle(FileCloseRequest request) in /home/vsts/work/1/s/src/OmniSharp.Roslyn.CSharp/Services/Files/FileCloseService.cs:line 25\\n   at OmniSharp.Endpoint.Exports.RequestHandlerExportHandler`2.Handle(TRequest request) in /home/vsts/work/1/s/src/OmniSharp.Host/Endpoint/Exports/RequestHandlerExportHandler.cs:line 29\\n   at OmniSharp.Endpoint.EndpointHandler`2.AggregateResponsesFromLanguageHandlers(ExportHandler`2[] handlers, TRequest request) in /home/vsts/work/1/s/src/OmniSharp.Host/Endpoint/EndpointHandler.cs:line 165\\n   at OmniSharp.Endpoint.EndpointHandler`2.HandleRequestForLanguage(String language, TRequest request, RequestPacket packet) in /home/vsts/work/1/s/src/OmniSharp.Host/Endpoint/EndpointHandler.cs:line 226\\n   at OmniSharp.Endpoint.EndpointHandler`2.Process(RequestPacket packet, LanguageModel model, JToken requestObject) in /home/vsts/work/1/s/src/OmniSharp.Host/Endpoint/EndpointHandler.cs:line 130\\n   at OmniSharp.Stdio.Host.HandleRequest(String json, ILogger logger) in /home/vsts/work/1/s/src/OmniSharp.Stdio/Host.cs:line 218\"",
  "Body": null,
  "Seq": 127,
  "Type": "response"
}
