--------------------------------------------------------------------------------
Razor.VSCode version 7.0.0-preview.24266.1
--------------------------------------------------------------------------------
Razor's trace level is currently set to 'Off'
 - To change Razor's trace level set 'razor.trace' to 'Off', 'Messages' or 'Verbose' and then restart VSCode.
 - To report issues invoke the 'Report a Razor issue' command via the command palette.
-----------------------------------------------------------------------------------------------------------------------------

Entering method initialized.
Entering method initialize.
Entering method razor/mapToDocumentRanges.
[Error - 4:55:24 PM] [null]
Entering method textDocument/didOpen.
Entering method textDocument/documentColor.
Entering method textDocument/codeAction.
Entering method textDocument/foldingRange.
Entering method textDocument/foldingRange.
Entering method textDocument/semanticTokens/range.
Entering method textDocument/semanticTokens/range.
[Info  - 4:55:28 PM] Returned 219 semantic tokens for range Microsoft.VisualStudio.LanguageServer.Protocol.Range in file:///home/nlosacco4/hello-world-1/Pages/Index.cshtml.
[Info  - 4:55:28 PM] Returned 219 semantic tokens for range Microsoft.VisualStudio.LanguageServer.Protocol.Range in file:///home/nlosacco4/hello-world-1/Pages/Index.cshtml.
Entering method textDocument/semanticTokens/range.
Entering method textDocument/semanticTokens/range.
[Info  - 4:55:29 PM] Returned 219 semantic tokens for range Microsoft.VisualStudio.LanguageServer.Protocol.Range in file:///home/nlosacco4/hello-world-1/Pages/Index.cshtml.
[Info  - 4:55:29 PM] Returned 219 semantic tokens for range Microsoft.VisualStudio.LanguageServer.Protocol.Range in file:///home/nlosacco4/hello-world-1/Pages/Index.cshtml.
Entering method textDocument/documentColor.
Entering method textDocument/foldingRange.
Entering method textDocument/foldingRange.
Entering method textDocument/semanticTokens/range.
Entering method textDocument/semanticTokens/range.
[Info  - 4:55:43 PM] Returned 331 semantic tokens for range Microsoft.VisualStudio.LanguageServer.Protocol.Range in file:///home/nlosacco4/hello-world-1/Pages/Index.cshtml.
[Info  - 4:55:43 PM] Returned 331 semantic tokens for range Microsoft.VisualStudio.LanguageServer.Protocol.Range in file:///home/nlosacco4/hello-world-1/Pages/Index.cshtml.
Entering method textDocument/semanticTokens/range.
Entering method textDocument/semanticTokens/range.
[Info  - 4:55:43 PM] Returned 331 semantic tokens for range Microsoft.VisualStudio.LanguageServer.Protocol.Range in file:///home/nlosacco4/hello-world-1/Pages/Index.cshtml.
[Info  - 4:55:43 PM] Returned 331 semantic tokens for range Microsoft.VisualStudio.LanguageServer.Protocol.Range in file:///home/nlosacco4/hello-world-1/Pages/Index.cshtml.
Entering method textDocument/semanticTokens/range.
Entering method textDocument/semanticTokens/range.
[Info  - 4:55:44 PM] Returned 453 semantic tokens for range Microsoft.VisualStudio.LanguageServer.Protocol.Range in file:///home/nlosacco4/hello-world-1/Pages/Index.cshtml.
[Info  - 4:55:44 PM] Returned 453 semantic tokens for range Microsoft.VisualStudio.LanguageServer.Protocol.Range in file:///home/nlosacco4/hello-world-1/Pages/Index.cshtml.
Entering method textDocument/semanticTokens/range.
Entering method textDocument/semanticTokens/range.
[Info  - 4:55:44 PM] Returned 453 semantic tokens for range Microsoft.VisualStudio.LanguageServer.Protocol.Range in file:///home/nlosacco4/hello-world-1/Pages/Index.cshtml.
[Info  - 4:55:44 PM] Returned 453 semantic tokens for range Microsoft.VisualStudio.LanguageServer.Protocol.Range in file:///home/nlosacco4/hello-world-1/Pages/Index.cshtml.
Entering method textDocument/semanticTokens/range.
Entering method textDocument/semanticTokens/range.
[Info  - 4:55:45 PM] Returned 403 semantic tokens for range Microsoft.VisualStudio.LanguageServer.Protocol.Range in file:///home/nlosacco4/hello-world-1/Pages/Index.cshtml.
[Info  - 4:55:45 PM] Returned 403 semantic tokens for range Microsoft.VisualStudio.LanguageServer.Protocol.Range in file:///home/nlosacco4/hello-world-1/Pages/Index.cshtml.
Entering method textDocument/semanticTokens/range.
[Info  - 4:55:45 PM] Returned 338 semantic tokens for range Microsoft.VisualStudio.LanguageServer.Protocol.Range in file:///home/nlosacco4/hello-world-1/Pages/Index.cshtml.
Entering method textDocument/semanticTokens/range.
[Info  - 4:55:45 PM] Returned 338 semantic tokens for range Microsoft.VisualStudio.LanguageServer.Protocol.Range in file:///home/nlosacco4/hello-world-1/Pages/Index.cshtml.
Entering method textDocument/documentColor.
Entering method textDocument/codeAction.
Entering method textDocument/semanticTokens/range.
Entering method textDocument/semanticTokens/range.
[Info  - 4:55:48 PM] Returned 338 semantic tokens for range Microsoft.VisualStudio.LanguageServer.Protocol.Range in file:///home/nlosacco4/hello-world-1/Pages/Index.cshtml.
[Info  - 4:55:48 PM] Returned 338 semantic tokens for range Microsoft.VisualStudio.LanguageServer.Protocol.Range in file:///home/nlosacco4/hello-world-1/Pages/Index.cshtml.
Entering method textDocument/foldingRange.
Entering method textDocument/semanticTokens/range.
[Info  - 4:55:49 PM] Returned 338 semantic tokens for range Microsoft.VisualStudio.LanguageServer.Protocol.Range in file:///home/nlosacco4/hello-world-1/Pages/Index.cshtml.
Entering method textDocument/semanticTokens/range.
[Info  - 4:55:49 PM] Returned 338 semantic tokens for range Microsoft.VisualStudio.LanguageServer.Protocol.Range in file:///home/nlosacco4/hello-world-1/Pages/Index.cshtml.
Entering method textDocument/foldingRange.
Entering method textDocument/semanticTokens/range.
Entering method textDocument/semanticTokens/range.
[Info  - 4:55:50 PM] Returned 377 semantic tokens for range Microsoft.VisualStudio.LanguageServer.Protocol.Range in file:///home/nlosacco4/hello-world-1/Pages/Index.cshtml.
[Info  - 4:55:50 PM] Returned 377 semantic tokens for range Microsoft.VisualStudio.LanguageServer.Protocol.Range in file:///home/nlosacco4/hello-world-1/Pages/Index.cshtml.
Entering method textDocument/semanticTokens/range.
Entering method textDocument/semanticTokens/range.
[Info  - 4:55:50 PM] Returned 377 semantic tokens for range Microsoft.VisualStudio.LanguageServer.Protocol.Range in file:///home/nlosacco4/hello-world-1/Pages/Index.cshtml.
[Info  - 4:55:50 PM] Returned 377 semantic tokens for range Microsoft.VisualStudio.LanguageServer.Protocol.Range in file:///home/nlosacco4/hello-world-1/Pages/Index.cshtml.
Entering method textDocument/semanticTokens/range.
Entering method textDocument/semanticTokens/range.
[Info  - 4:55:50 PM] Returned 468 semantic tokens for range Microsoft.VisualStudio.LanguageServer.Protocol.Range in file:///home/nlosacco4/hello-world-1/Pages/Index.cshtml.
[Info  - 4:55:50 PM] Returned 468 semantic tokens for range Microsoft.VisualStudio.LanguageServer.Protocol.Range in file:///home/nlosacco4/hello-world-1/Pages/Index.cshtml.
Entering method textDocument/semanticTokens/range.
Entering method textDocument/semanticTokens/range.
[Info  - 4:55:51 PM] Returned 398 semantic tokens for range Microsoft.VisualStudio.LanguageServer.Protocol.Range in file:///home/nlosacco4/hello-world-1/Pages/Index.cshtml.
[Info  - 4:55:51 PM] Returned 398 semantic tokens for range Microsoft.VisualStudio.LanguageServer.Protocol.Range in file:///home/nlosacco4/hello-world-1/Pages/Index.cshtml.
Entering method textDocument/semanticTokens/range.
Entering method textDocument/semanticTokens/range.
[Info  - 4:55:51 PM] Returned 219 semantic tokens for range Microsoft.VisualStudio.LanguageServer.Protocol.Range in file:///home/nlosacco4/hello-world-1/Pages/Index.cshtml.
[Info  - 4:55:51 PM] Returned 219 semantic tokens for range Microsoft.VisualStudio.LanguageServer.Protocol.Range in file:///home/nlosacco4/hello-world-1/Pages/Index.cshtml.
Entering method textDocument/hover.
Entering method razor/languageQuery.
[Info  - 4:55:55 PM] Language query request for (9, 0) = Html at (9, 0)
Entering method textDocument/hover.
Entering method razor/languageQuery.
[Info  - 4:58:17 PM] Language query request for (8, 20) = Html at (8, 20)
Entering method razor/mapToDocumentRanges.
