2024-07-25 16:59:00.770 [info] Log level: Info
2024-07-25 16:59:00.770 [info] Validating found git in: "git"
2024-07-25 16:59:00.770 [info] Using git "2.34.1" from "git"
2024-07-25 16:59:00.770 [info] > git rev-parse --show-toplevel [4ms]
2024-07-25 16:59:00.770 [info] fatal: not a git repository (or any parent up to mount point /)
Stopping at filesystem boundary (GIT_DISCOVERY_ACROSS_FILESYSTEM not set).
2024-07-25 16:59:00.770 [info] > git rev-parse --show-toplevel [2ms]
2024-07-25 16:59:00.770 [info] fatal: not a git repository (or any parent up to mount point /)
Stopping at filesystem boundary (GIT_DISCOVERY_ACROSS_FILESYSTEM not set).
2024-07-25 16:59:00.770 [info] > git rev-parse --show-toplevel [4ms]
2024-07-25 16:59:00.770 [info] fatal: not a git repository (or any parent up to mount point /)
Stopping at filesystem boundary (GIT_DISCOVERY_ACROSS_FILESYSTEM not set).
2024-07-25 16:59:00.786 [info] > git rev-parse --show-toplevel [17ms]
2024-07-25 16:59:00.786 [info] fatal: not a git repository (or any parent up to mount point /)
Stopping at filesystem boundary (GIT_DISCOVERY_ACROSS_FILESYSTEM not set).
2024-07-25 16:59:00.800 [info] > git rev-parse --show-toplevel [1ms]
2024-07-25 16:59:00.800 [info] fatal: not a git repository (or any parent up to mount point /)
Stopping at filesystem boundary (GIT_DISCOVERY_ACROSS_FILESYSTEM not set).
2024-07-25 16:59:00.813 [info] > git rev-parse --show-toplevel [1ms]
2024-07-25 16:59:00.813 [info] fatal: not a git repository (or any parent up to mount point /)
Stopping at filesystem boundary (GIT_DISCOVERY_ACROSS_FILESYSTEM not set).
2024-07-25 16:59:00.833 [info] > git rev-parse --show-toplevel [9ms]
2024-07-25 16:59:00.833 [info] fatal: not a git repository (or any parent up to mount point /)
Stopping at filesystem boundary (GIT_DISCOVERY_ACROSS_FILESYSTEM not set).
2024-07-25 16:59:00.866 [info] > git rev-parse --show-toplevel [21ms]
2024-07-25 16:59:00.866 [info] fatal: not a git repository (or any parent up to mount point /)
Stopping at filesystem boundary (GIT_DISCOVERY_ACROSS_FILESYSTEM not set).
2024-07-25 16:59:00.877 [info] > git rev-parse --show-toplevel [2ms]
2024-07-25 16:59:00.878 [info] fatal: not a git repository (or any parent up to mount point /)
Stopping at filesystem boundary (GIT_DISCOVERY_ACROSS_FILESYSTEM not set).
2024-07-25 16:59:00.889 [info] > git rev-parse --show-toplevel [2ms]
2024-07-25 16:59:00.889 [info] fatal: not a git repository (or any parent up to mount point /)
Stopping at filesystem boundary (GIT_DISCOVERY_ACROSS_FILESYSTEM not set).
2024-07-25 16:59:00.901 [info] > git rev-parse --show-toplevel [2ms]
2024-07-25 16:59:00.901 [info] fatal: not a git repository (or any parent up to mount point /)
Stopping at filesystem boundary (GIT_DISCOVERY_ACROSS_FILESYSTEM not set).
2024-07-25 16:59:03.613 [info] > git rev-parse --show-toplevel [69ms]
2024-07-25 16:59:03.613 [info] fatal: not a git repository (or any parent up to mount point /)
Stopping at filesystem boundary (GIT_DISCOVERY_ACROSS_FILESYSTEM not set).
2024-07-25 16:59:07.763 [info] > git rev-parse --show-toplevel [27ms]
2024-07-25 16:59:07.763 [info] fatal: not a git repository (or any parent up to mount point /)
Stopping at filesystem boundary (GIT_DISCOVERY_ACROSS_FILESYSTEM not set).
2024-07-25 16:59:15.954 [info] > git rev-parse --show-toplevel [23ms]
2024-07-25 16:59:15.955 [info] fatal: not a git repository (or any parent up to mount point /)
Stopping at filesystem boundary (GIT_DISCOVERY_ACROSS_FILESYSTEM not set).
2024-07-25 17:13:25.232 [info] > git rev-parse --show-toplevel [3ms]
2024-07-25 17:13:25.232 [info] fatal: not a git repository (or any parent up to mount point /)
Stopping at filesystem boundary (GIT_DISCOVERY_ACROSS_FILESYSTEM not set).
2024-07-25 17:17:27.097 [info] > git rev-parse --show-toplevel [3ms]
2024-07-25 17:17:27.097 [info] fatal: not a git repository (or any parent up to mount point /)
Stopping at filesystem boundary (GIT_DISCOVERY_ACROSS_FILESYSTEM not set).
2024-07-25 17:18:23.956 [info] > git init -b main [24ms]
2024-07-25 17:18:23.976 [info] > git rev-parse --show-toplevel [1ms]
2024-07-25 17:18:24.000 [info] > git rev-parse --git-dir --git-common-dir [2ms]
2024-07-25 17:18:24.018 [info] Open repository: /home/nlosacco4
2024-07-25 17:18:24.044 [info] > git config --get commit.template [2ms]
2024-07-25 17:18:24.068 [info] No remotes found in the git config file.
2024-07-25 17:18:24.070 [info] > git for-each-ref --format=%(refname)%00%(upstream:short)%00%(objectname)%00%(upstream:track)%00%(upstream:remotename)%00%(upstream:remoteref) refs/heads/main refs/remotes/main [4ms]
2024-07-25 17:18:24.070 [warning] No such branch: main.
2024-07-25 17:18:24.116 [info] > git status -z -uall [25ms]
2024-07-25 17:18:26.116 [info] > git config --get commit.template [116ms]
2024-07-25 17:18:26.148 [info] No remotes found in the git config file.
2024-07-25 17:18:26.150 [info] > git for-each-ref --format=%(refname)%00%(upstream:short)%00%(objectname)%00%(upstream:track)%00%(upstream:remotename)%00%(upstream:remoteref) refs/heads/main refs/remotes/main [2ms]
2024-07-25 17:18:26.150 [warning] No such branch: main.
2024-07-25 17:18:26.190 [info] > git status -z -uall [17ms]
2024-07-25 17:18:27.501 [info] > git check-ignore -v -z --stdin [3ms]
2024-07-25 17:18:28.782 [info] No remotes found in the git config file.
2024-07-25 17:18:28.783 [info] > git config --get commit.template [24ms]
2024-07-25 17:18:28.784 [info] > git for-each-ref --format=%(refname)%00%(upstream:short)%00%(objectname)%00%(upstream:track)%00%(upstream:remotename)%00%(upstream:remoteref) refs/heads/main refs/remotes/main [2ms]
2024-07-25 17:18:28.784 [warning] No such branch: main.
2024-07-25 17:18:28.825 [info] > git status -z -uall [18ms]
2024-07-25 17:18:30.149 [info] > git show --textconv :WebApplication1/appsettings.json [38ms]
2024-07-25 17:18:30.150 [info] > git ls-files --stage -- /home/nlosacco4/WebApplication1/appsettings.json [14ms]
2024-07-25 17:18:30.612 [info] > git check-ignore -v -z --stdin [2ms]
2024-07-25 17:18:31.456 [info] > git check-ignore -v -z --stdin [2ms]
2024-07-25 17:18:34.035 [info] No remotes found in the git config file.
2024-07-25 17:18:34.036 [info] > git config --get commit.template [26ms]
2024-07-25 17:18:34.037 [info] > git for-each-ref --format=%(refname)%00%(upstream:short)%00%(objectname)%00%(upstream:track)%00%(upstream:remotename)%00%(upstream:remoteref) refs/heads/main refs/remotes/main [2ms]
2024-07-25 17:18:34.037 [warning] No such branch: main.
2024-07-25 17:18:34.077 [info] > git status -z -uall [15ms]
2024-07-25 17:18:40.456 [info] > git config --get commit.template [3ms]
2024-07-25 17:18:40.480 [info] No remotes found in the git config file.
2024-07-25 17:18:40.482 [info] > git for-each-ref --format=%(refname)%00%(upstream:short)%00%(objectname)%00%(upstream:track)%00%(upstream:remotename)%00%(upstream:remoteref) refs/heads/main refs/remotes/main [3ms]
2024-07-25 17:18:40.482 [warning] No such branch: main.
2024-07-25 17:18:40.523 [info] > git status -z -uall [18ms]
2024-07-25 17:18:45.722 [info] No remotes found in the git config file.
2024-07-25 17:18:45.723 [info] > git config --get commit.template [26ms]
2024-07-25 17:18:45.723 [info] > git for-each-ref --format=%(refname)%00%(upstream:short)%00%(objectname)%00%(upstream:track)%00%(upstream:remotename)%00%(upstream:remoteref) refs/heads/main refs/remotes/main [2ms]
2024-07-25 17:18:45.723 [warning] No such branch: main.
2024-07-25 17:18:45.762 [info] > git status -z -uall [15ms]
2024-07-25 17:18:50.960 [info] > git config --get commit.template [26ms]
2024-07-25 17:18:50.961 [info] No remotes found in the git config file.
2024-07-25 17:18:50.961 [info] > git for-each-ref --format=%(refname)%00%(upstream:short)%00%(objectname)%00%(upstream:track)%00%(upstream:remotename)%00%(upstream:remoteref) refs/heads/main refs/remotes/main [2ms]
2024-07-25 17:18:50.961 [warning] No such branch: main.
2024-07-25 17:18:51.002 [info] > git status -z -uall [16ms]
2024-07-25 17:18:56.197 [info] No remotes found in the git config file.
2024-07-25 17:18:56.198 [info] > git config --get commit.template [27ms]
2024-07-25 17:18:56.199 [info] > git for-each-ref --format=%(refname)%00%(upstream:short)%00%(objectname)%00%(upstream:track)%00%(upstream:remotename)%00%(upstream:remoteref) refs/heads/main refs/remotes/main [3ms]
2024-07-25 17:18:56.199 [warning] No such branch: main.
2024-07-25 17:18:56.240 [info] > git status -z -uall [16ms]
2024-07-25 17:19:01.419 [info] > git config --get commit.template [5ms]
2024-07-25 17:19:01.446 [info] No remotes found in the git config file.
2024-07-25 17:19:01.447 [info] > git for-each-ref --format=%(refname)%00%(upstream:short)%00%(objectname)%00%(upstream:track)%00%(upstream:remotename)%00%(upstream:remoteref) refs/heads/main refs/remotes/main [1ms]
2024-07-25 17:19:01.447 [warning] No such branch: main.
2024-07-25 17:19:01.488 [info] > git status -z -uall [15ms]
2024-07-25 17:19:06.695 [info] No remotes found in the git config file.
2024-07-25 17:19:06.696 [info] > git config --get commit.template [27ms]
2024-07-25 17:19:06.696 [info] > git for-each-ref --format=%(refname)%00%(upstream:short)%00%(objectname)%00%(upstream:track)%00%(upstream:remotename)%00%(upstream:remoteref) refs/heads/main refs/remotes/main [2ms]
2024-07-25 17:19:06.696 [warning] No such branch: main.
2024-07-25 17:19:06.741 [info] > git status -z -uall [19ms]
2024-07-25 17:19:11.924 [info] No remotes found in the git config file.
2024-07-25 17:19:11.925 [info] > git config --get commit.template [25ms]
2024-07-25 17:19:11.926 [info] > git for-each-ref --format=%(refname)%00%(upstream:short)%00%(objectname)%00%(upstream:track)%00%(upstream:remotename)%00%(upstream:remoteref) refs/heads/main refs/remotes/main [3ms]
2024-07-25 17:19:11.926 [warning] No such branch: main.
2024-07-25 17:19:11.966 [info] > git status -z -uall [15ms]
2024-07-25 17:19:17.133 [info] > git config --get commit.template [5ms]
2024-07-25 17:19:17.159 [info] No remotes found in the git config file.
2024-07-25 17:19:17.160 [info] > git for-each-ref --format=%(refname)%00%(upstream:short)%00%(objectname)%00%(upstream:track)%00%(upstream:remotename)%00%(upstream:remoteref) refs/heads/main refs/remotes/main [2ms]
2024-07-25 17:19:17.160 [warning] No such branch: main.
2024-07-25 17:19:17.200 [info] > git status -z -uall [16ms]
2024-07-25 17:19:22.358 [info] > git config --get commit.template [2ms]
2024-07-25 17:19:22.382 [info] No remotes found in the git config file.
2024-07-25 17:19:22.384 [info] > git for-each-ref --format=%(refname)%00%(upstream:short)%00%(objectname)%00%(upstream:track)%00%(upstream:remotename)%00%(upstream:remoteref) refs/heads/main refs/remotes/main [2ms]
2024-07-25 17:19:22.384 [warning] No such branch: main.
2024-07-25 17:19:22.426 [info] > git status -z -uall [16ms]
2024-07-25 17:19:27.614 [info] No remotes found in the git config file.
2024-07-25 17:19:27.615 [info] > git config --get commit.template [25ms]
2024-07-25 17:19:27.616 [info] > git for-each-ref --format=%(refname)%00%(upstream:short)%00%(objectname)%00%(upstream:track)%00%(upstream:remotename)%00%(upstream:remoteref) refs/heads/main refs/remotes/main [2ms]
2024-07-25 17:19:27.616 [warning] No such branch: main.
2024-07-25 17:19:27.654 [info] > git status -z -uall [15ms]
2024-07-25 17:19:32.848 [info] No remotes found in the git config file.
2024-07-25 17:19:32.849 [info] > git config --get commit.template [26ms]
2024-07-25 17:19:32.850 [info] > git for-each-ref --format=%(refname)%00%(upstream:short)%00%(objectname)%00%(upstream:track)%00%(upstream:remotename)%00%(upstream:remoteref) refs/heads/main refs/remotes/main [2ms]
2024-07-25 17:19:32.850 [warning] No such branch: main.
2024-07-25 17:19:32.889 [info] > git status -z -uall [16ms]
2024-07-25 17:19:38.062 [info] > git config --get commit.template [2ms]
2024-07-25 17:19:38.088 [info] No remotes found in the git config file.
2024-07-25 17:19:38.089 [info] > git for-each-ref --format=%(refname)%00%(upstream:short)%00%(objectname)%00%(upstream:track)%00%(upstream:remotename)%00%(upstream:remoteref) refs/heads/main refs/remotes/main [5ms]
2024-07-25 17:19:38.089 [warning] No such branch: main.
2024-07-25 17:19:38.128 [info] > git status -z -uall [16ms]
2024-07-25 17:19:55.127 [info] No remotes found in the git config file.
2024-07-25 17:19:55.128 [info] > git config --get commit.template [25ms]
2024-07-25 17:19:55.128 [info] > git for-each-ref --format=%(refname)%00%(upstream:short)%00%(objectname)%00%(upstream:track)%00%(upstream:remotename)%00%(upstream:remoteref) refs/heads/main refs/remotes/main [2ms]
2024-07-25 17:19:55.128 [warning] No such branch: main.
2024-07-25 17:19:55.167 [info] > git status -z -uall [15ms]
2024-07-25 17:20:00.370 [info] No remotes found in the git config file.
2024-07-25 17:20:00.371 [info] > git config --get commit.template [26ms]
2024-07-25 17:20:00.372 [info] > git for-each-ref --format=%(refname)%00%(upstream:short)%00%(objectname)%00%(upstream:track)%00%(upstream:remotename)%00%(upstream:remoteref) refs/heads/main refs/remotes/main [2ms]
2024-07-25 17:20:00.372 [warning] No such branch: main.
2024-07-25 17:20:00.411 [info] > git status -z -uall [16ms]
2024-07-25 17:21:02.629 [info] No remotes found in the git config file.
2024-07-25 17:21:02.631 [info] > git config --get commit.template [23ms]
2024-07-25 17:21:02.631 [info] > git for-each-ref --format=%(refname)%00%(upstream:short)%00%(objectname)%00%(upstream:track)%00%(upstream:remotename)%00%(upstream:remoteref) refs/heads/main refs/remotes/main [2ms]
2024-07-25 17:21:02.631 [warning] No such branch: main.
2024-07-25 17:21:02.676 [info] > git status -z -uall [24ms]
2024-07-25 17:21:07.876 [info] No remotes found in the git config file.
2024-07-25 17:21:07.877 [info] > git config --get commit.template [23ms]
2024-07-25 17:21:07.878 [info] > git for-each-ref --format=%(refname)%00%(upstream:short)%00%(objectname)%00%(upstream:track)%00%(upstream:remotename)%00%(upstream:remoteref) refs/heads/main refs/remotes/main [2ms]
2024-07-25 17:21:07.878 [warning] No such branch: main.
2024-07-25 17:21:07.915 [info] > git status -z -uall [17ms]
2024-07-25 17:21:12.804 [info] > git check-ignore -v -z --stdin [1ms]
2024-07-25 17:21:13.110 [info] No remotes found in the git config file.
2024-07-25 17:21:13.111 [info] > git config --get commit.template [25ms]
2024-07-25 17:21:13.111 [info] > git for-each-ref --format=%(refname)%00%(upstream:short)%00%(objectname)%00%(upstream:track)%00%(upstream:remotename)%00%(upstream:remoteref) refs/heads/main refs/remotes/main [2ms]
2024-07-25 17:21:13.111 [warning] No such branch: main.
2024-07-25 17:21:13.150 [info] > git status -z -uall [15ms]
2024-07-25 17:21:14.846 [info] > git check-ignore -v -z --stdin [2ms]
2024-07-25 17:21:18.334 [info] > git config --get commit.template [2ms]
2024-07-25 17:21:18.357 [info] No remotes found in the git config file.
2024-07-25 17:21:18.359 [info] > git for-each-ref --format=%(refname)%00%(upstream:short)%00%(objectname)%00%(upstream:track)%00%(upstream:remotename)%00%(upstream:remoteref) refs/heads/main refs/remotes/main [2ms]
2024-07-25 17:21:18.359 [warning] No such branch: main.
2024-07-25 17:21:18.397 [info] > git status -z -uall [15ms]
2024-07-25 17:21:21.817 [info] > git show --textconv :README-cloudshell.txt [28ms]
2024-07-25 17:21:21.822 [info] > git ls-files --stage -- /home/nlosacco4/README-cloudshell.txt [8ms]
2024-07-25 17:21:23.647 [info] No remotes found in the git config file.
2024-07-25 17:21:23.648 [info] > git config --get commit.template [26ms]
2024-07-25 17:21:23.648 [info] > git for-each-ref --format=%(refname)%00%(upstream:short)%00%(objectname)%00%(upstream:track)%00%(upstream:remotename)%00%(upstream:remoteref) refs/heads/main refs/remotes/main [2ms]
2024-07-25 17:21:23.648 [warning] No such branch: main.
2024-07-25 17:21:23.687 [info] > git status -z -uall [15ms]
2024-07-25 17:21:28.876 [info] No remotes found in the git config file.
2024-07-25 17:21:28.877 [info] > git config --get commit.template [24ms]
2024-07-25 17:21:28.877 [info] > git for-each-ref --format=%(refname)%00%(upstream:short)%00%(objectname)%00%(upstream:track)%00%(upstream:remotename)%00%(upstream:remoteref) refs/heads/main refs/remotes/main [2ms]
2024-07-25 17:21:28.877 [warning] No such branch: main.
2024-07-25 17:21:28.916 [info] > git status -z -uall [15ms]
2024-07-25 17:21:34.109 [info] No remotes found in the git config file.
2024-07-25 17:21:34.110 [info] > git config --get commit.template [25ms]
2024-07-25 17:21:34.110 [info] > git for-each-ref --format=%(refname)%00%(upstream:short)%00%(objectname)%00%(upstream:track)%00%(upstream:remotename)%00%(upstream:remoteref) refs/heads/main refs/remotes/main [2ms]
2024-07-25 17:21:34.110 [warning] No such branch: main.
2024-07-25 17:21:34.150 [info] > git status -z -uall [16ms]
2024-07-25 17:21:39.344 [info] No remotes found in the git config file.
2024-07-25 17:21:39.345 [info] > git config --get commit.template [26ms]
2024-07-25 17:21:39.345 [info] > git for-each-ref --format=%(refname)%00%(upstream:short)%00%(objectname)%00%(upstream:track)%00%(upstream:remotename)%00%(upstream:remoteref) refs/heads/main refs/remotes/main [2ms]
2024-07-25 17:21:39.346 [warning] No such branch: main.
2024-07-25 17:21:39.384 [info] > git status -z -uall [15ms]
2024-07-25 17:21:44.575 [info] No remotes found in the git config file.
2024-07-25 17:21:44.576 [info] > git config --get commit.template [25ms]
2024-07-25 17:21:44.576 [info] > git for-each-ref --format=%(refname)%00%(upstream:short)%00%(objectname)%00%(upstream:track)%00%(upstream:remotename)%00%(upstream:remoteref) refs/heads/main refs/remotes/main [2ms]
2024-07-25 17:21:44.576 [warning] No such branch: main.
2024-07-25 17:21:44.616 [info] > git status -z -uall [15ms]
2024-07-25 17:22:02.005 [info] No remotes found in the git config file.
2024-07-25 17:22:02.006 [info] > git config --get commit.template [26ms]
2024-07-25 17:22:02.006 [info] > git for-each-ref --format=%(refname)%00%(upstream:short)%00%(objectname)%00%(upstream:track)%00%(upstream:remotename)%00%(upstream:remoteref) refs/heads/main refs/remotes/main [2ms]
2024-07-25 17:22:02.006 [warning] No such branch: main.
2024-07-25 17:22:02.047 [info] > git status -z -uall [14ms]
2024-07-25 17:22:04.316 [info] > git check-ignore -v -z --stdin [2ms]
2024-07-25 17:22:07.242 [info] No remotes found in the git config file.
2024-07-25 17:22:07.243 [info] > git config --get commit.template [27ms]
2024-07-25 17:22:07.243 [info] > git for-each-ref --format=%(refname)%00%(upstream:short)%00%(objectname)%00%(upstream:track)%00%(upstream:remotename)%00%(upstream:remoteref) refs/heads/main refs/remotes/main [2ms]
2024-07-25 17:22:07.243 [warning] No such branch: main.
2024-07-25 17:22:07.284 [info] > git status -z -uall [14ms]
2024-07-25 17:22:11.264 [info] > git for-each-ref --sort -committerdate --format %(refname) %(objectname) %(*objectname) [2ms]
2024-07-25 17:22:12.484 [info] No remotes found in the git config file.
2024-07-25 17:22:12.485 [info] > git config --get commit.template [27ms]
2024-07-25 17:22:12.486 [info] > git for-each-ref --format=%(refname)%00%(upstream:short)%00%(objectname)%00%(upstream:track)%00%(upstream:remotename)%00%(upstream:remoteref) refs/heads/main refs/remotes/main [3ms]
2024-07-25 17:22:12.486 [warning] No such branch: main.
2024-07-25 17:22:12.529 [info] > git status -z -uall [19ms]
2024-07-25 17:22:17.728 [info] No remotes found in the git config file.
2024-07-25 17:22:17.729 [info] > git config --get commit.template [26ms]
2024-07-25 17:22:17.730 [info] > git for-each-ref --format=%(refname)%00%(upstream:short)%00%(objectname)%00%(upstream:track)%00%(upstream:remotename)%00%(upstream:remoteref) refs/heads/main refs/remotes/main [2ms]
2024-07-25 17:22:17.730 [warning] No such branch: main.
2024-07-25 17:22:17.769 [info] > git status -z -uall [15ms]
2024-07-25 17:22:25.129 [info] > git config --get commit.template [6ms]
2024-07-25 17:22:25.154 [info] No remotes found in the git config file.
2024-07-25 17:22:25.156 [info] > git for-each-ref --format=%(refname)%00%(upstream:short)%00%(objectname)%00%(upstream:track)%00%(upstream:remotename)%00%(upstream:remoteref) refs/heads/main refs/remotes/main [2ms]
2024-07-25 17:22:25.156 [warning] No such branch: main.
2024-07-25 17:22:25.195 [info] > git status -z -uall [15ms]
2024-07-25 17:22:38.809 [info] No remotes found in the git config file.
2024-07-25 17:22:38.809 [info] > git config --get commit.template [26ms]
2024-07-25 17:22:38.810 [info] > git for-each-ref --format=%(refname)%00%(upstream:short)%00%(objectname)%00%(upstream:track)%00%(upstream:remotename)%00%(upstream:remoteref) refs/heads/main refs/remotes/main [2ms]
2024-07-25 17:22:38.810 [warning] No such branch: main.
2024-07-25 17:22:38.851 [info] > git status -z -uall [17ms]
2024-07-25 17:22:44.248 [info] > git config --get commit.template [25ms]
2024-07-25 17:22:44.248 [info] No remotes found in the git config file.
2024-07-25 17:22:44.249 [info] > git for-each-ref --format=%(refname)%00%(upstream:short)%00%(objectname)%00%(upstream:track)%00%(upstream:remotename)%00%(upstream:remoteref) refs/heads/main refs/remotes/main [2ms]
2024-07-25 17:22:44.249 [warning] No such branch: main.
2024-07-25 17:22:44.289 [info] > git status -z -uall [15ms]
2024-07-25 17:22:50.675 [info] No remotes found in the git config file.
2024-07-25 17:22:50.700 [info] > git config --get commit.template [26ms]
2024-07-25 17:22:50.701 [info] > git for-each-ref --format=%(refname)%00%(upstream:short)%00%(objectname)%00%(upstream:track)%00%(upstream:remotename)%00%(upstream:remoteref) refs/heads/main refs/remotes/main [2ms]
2024-07-25 17:22:50.701 [warning] No such branch: main.
2024-07-25 17:22:50.750 [info] > git status -z -uall [24ms]
2024-07-25 17:23:05.939 [info] No remotes found in the git config file.
2024-07-25 17:23:05.941 [info] > git for-each-ref --format=%(refname)%00%(upstream:short)%00%(objectname)%00%(upstream:track)%00%(upstream:remotename)%00%(upstream:remoteref) refs/heads/main refs/remotes/main [2ms]
2024-07-25 17:23:05.942 [warning] No such branch: main.
2024-07-25 17:23:05.942 [info] > git config --get commit.template [29ms]
2024-07-25 17:23:05.983 [info] > git status -z -uall [16ms]
2024-07-25 17:23:11.148 [info] > git config --get commit.template [2ms]
2024-07-25 17:23:11.174 [info] No remotes found in the git config file.
2024-07-25 17:23:11.175 [info] > git for-each-ref --format=%(refname)%00%(upstream:short)%00%(objectname)%00%(upstream:track)%00%(upstream:remotename)%00%(upstream:remoteref) refs/heads/main refs/remotes/main [2ms]
2024-07-25 17:23:11.175 [warning] No such branch: main.
2024-07-25 17:23:11.215 [info] > git status -z -uall [15ms]
2024-07-25 17:23:16.121 [info] > git remote add origin https://github.com/nicolathebag/nlosacco4.git [29ms]
2024-07-25 17:23:16.175 [info] > git config --get commit.template [27ms]
2024-07-25 17:23:16.176 [info] > git for-each-ref --format=%(refname)%00%(upstream:short)%00%(objectname)%00%(upstream:track)%00%(upstream:remotename)%00%(upstream:remoteref) refs/heads/main refs/remotes/main [3ms]
2024-07-25 17:23:16.176 [warning] No such branch: main.
2024-07-25 17:23:16.216 [info] > git status -z -uall [14ms]
2024-07-25 17:23:17.435 [info] > git push -u origin main [1048ms]
2024-07-25 17:23:17.435 [info] error: src refspec main does not match any
error: failed to push some refs to 'https://github.com/nicolathebag/nlosacco4.git'
2024-07-25 17:23:17.539 [info] > git config --get commit.template [67ms]
2024-07-25 17:23:17.540 [info] > git for-each-ref --format=%(refname)%00%(upstream:short)%00%(objectname)%00%(upstream:track)%00%(upstream:remotename)%00%(upstream:remoteref) refs/heads/main refs/remotes/main [3ms]
2024-07-25 17:23:17.540 [warning] No such branch: main.
2024-07-25 17:23:17.632 [info] > git status -z -uall [50ms]
2024-07-25 17:23:18.843 [info] > git config --get commit.template [10ms]
2024-07-25 17:23:18.870 [info] > git for-each-ref --format=%(refname)%00%(upstream:short)%00%(objectname)%00%(upstream:track)%00%(upstream:remotename)%00%(upstream:remoteref) refs/heads/main refs/remotes/main [2ms]
2024-07-25 17:23:18.870 [warning] No such branch: main.
2024-07-25 17:23:18.911 [info] > git status -z -uall [15ms]
2024-07-25 17:23:20.076 [info] > git ls-files --stage -- /home/nlosacco4/README-cloudshell.txt [7ms]
2024-07-25 17:23:20.295 [info] > git show --textconv :README-cloudshell.txt [3ms]
2024-07-25 17:23:24.088 [info] > git config --get commit.template [3ms]
2024-07-25 17:23:24.116 [info] > git for-each-ref --format=%(refname)%00%(upstream:short)%00%(objectname)%00%(upstream:track)%00%(upstream:remotename)%00%(upstream:remoteref) refs/heads/main refs/remotes/main [2ms]
2024-07-25 17:23:24.117 [warning] No such branch: main.
2024-07-25 17:23:24.159 [info] > git status -z -uall [16ms]
2024-07-25 17:23:29.357 [info] > git config --get commit.template [27ms]
2024-07-25 17:23:29.358 [info] > git for-each-ref --format=%(refname)%00%(upstream:short)%00%(objectname)%00%(upstream:track)%00%(upstream:remotename)%00%(upstream:remoteref) refs/heads/main refs/remotes/main [2ms]
2024-07-25 17:23:29.358 [warning] No such branch: main.
2024-07-25 17:23:29.400 [info] > git status -z -uall [16ms]
2024-07-25 17:23:34.601 [info] > git config --get commit.template [27ms]
2024-07-25 17:23:34.602 [info] > git for-each-ref --format=%(refname)%00%(upstream:short)%00%(objectname)%00%(upstream:track)%00%(upstream:remotename)%00%(upstream:remoteref) refs/heads/main refs/remotes/main [2ms]
2024-07-25 17:23:34.602 [warning] No such branch: main.
2024-07-25 17:23:34.643 [info] > git status -z -uall [15ms]
2024-07-25 17:24:05.277 [info] > git config --get commit.template [28ms]
2024-07-25 17:24:05.278 [info] > git for-each-ref --format=%(refname)%00%(upstream:short)%00%(objectname)%00%(upstream:track)%00%(upstream:remotename)%00%(upstream:remoteref) refs/heads/main refs/remotes/main [2ms]
2024-07-25 17:24:05.278 [warning] No such branch: main.
2024-07-25 17:24:05.319 [info] > git status -z -uall [16ms]
2024-07-25 17:24:09.668 [info] > git for-each-ref --sort -committerdate --format %(refname) %(objectname) %(*objectname) [1ms]
2024-07-25 17:24:10.535 [info] > git for-each-ref --format=%(refname)%00%(upstream:short)%00%(objectname)%00%(upstream:track)%00%(upstream:remotename)%00%(upstream:remoteref) refs/heads/main refs/remotes/main [3ms]
2024-07-25 17:24:10.535 [warning] No such branch: main.
2024-07-25 17:24:10.535 [info] > git config --get commit.template [29ms]
2024-07-25 17:24:10.575 [info] > git status -z -uall [15ms]
2024-07-25 17:24:15.767 [info] > git config --get commit.template [27ms]
2024-07-25 17:24:15.768 [info] > git for-each-ref --format=%(refname)%00%(upstream:short)%00%(objectname)%00%(upstream:track)%00%(upstream:remotename)%00%(upstream:remoteref) refs/heads/main refs/remotes/main [2ms]
2024-07-25 17:24:15.768 [warning] No such branch: main.
2024-07-25 17:24:15.809 [info] > git status -z -uall [15ms]
2024-07-25 17:24:21.011 [info] > git config --get commit.template [31ms]
2024-07-25 17:24:21.012 [info] > git for-each-ref --format=%(refname)%00%(upstream:short)%00%(objectname)%00%(upstream:track)%00%(upstream:remotename)%00%(upstream:remoteref) refs/heads/main refs/remotes/main [6ms]
2024-07-25 17:24:21.012 [warning] No such branch: main.
2024-07-25 17:24:21.053 [info] > git status -z -uall [16ms]
