Initializing document watcher...
Document watcher initialized
nlosacco4/hello-world-1/appsettings.json: {}
nlosacco4/hello-world-1/appsettings.Development.json: {}
nlosacco4/hello-world-1/Dockerfile: {}
nlosacco4/hello-world-1/Dockerfile: {}
nlosacco4/hello-world-1/Dockerfile: {}
nlosacco4/README-cloudshell.txt: {}
nlosacco4/README-cloudshell.txt: {}
nlosacco4/README-cloudshell.txt: {}
nlosacco4/README-cloudshell.txt: {}
nlosacco4/README-cloudshell.txt: {}
nlosacco4/WebApplication1/appsettings.json: {}
nlosacco4/WebApplication1/appsettings.json: {}
nlosacco4/WebApplication1/appsettings.json: {}
nlosacco4/WebApplication1/appsettings.json: {}
nlosacco4/WebApplication1/appsettings.json: {}
nlosacco4/README-cloudshell.txt: {}
nlosacco4/README-cloudshell.txt: {}
nlosacco4/README-cloudshell.txt: {}
nlosacco4/README-cloudshell.txt: {}
nlosacco4/README-cloudshell.txt: {}
nlosacco4/README-cloudshell.txt: {}
nlosacco4/README-cloudshell.txt: {}
vscode.git.Git: {}
vscode.git.Git: {}
nlosacco4/README-cloudshell.txt: {}
