2024-07-25 16:46:38.619 [info] Log level: Info
2024-07-25 16:46:38.619 [info] Validating found git in: "git"
2024-07-25 16:46:38.619 [info] Using git "2.34.1" from "git"
2024-07-25 16:46:38.619 [info] > git rev-parse --show-toplevel [3ms]
2024-07-25 16:46:38.619 [info] fatal: not a git repository (or any parent up to mount point /)
Stopping at filesystem boundary (GIT_DISCOVERY_ACROSS_FILESYSTEM not set).
2024-07-25 16:46:38.619 [info] > git rev-parse --show-toplevel [1ms]
2024-07-25 16:46:38.619 [info] fatal: not a git repository (or any parent up to mount point /)
Stopping at filesystem boundary (GIT_DISCOVERY_ACROSS_FILESYSTEM not set).
2024-07-25 16:46:38.619 [info] > git rev-parse --show-toplevel [1ms]
2024-07-25 16:46:38.619 [info] fatal: not a git repository (or any parent up to mount point /)
Stopping at filesystem boundary (GIT_DISCOVERY_ACROSS_FILESYSTEM not set).
2024-07-25 16:46:38.619 [info] > git rev-parse --show-toplevel [3ms]
2024-07-25 16:46:38.619 [info] fatal: not a git repository (or any parent up to mount point /)
Stopping at filesystem boundary (GIT_DISCOVERY_ACROSS_FILESYSTEM not set).
2024-07-25 16:46:38.619 [info] > git rev-parse --show-toplevel [2ms]
2024-07-25 16:46:38.619 [info] fatal: not a git repository (or any parent up to mount point /)
Stopping at filesystem boundary (GIT_DISCOVERY_ACROSS_FILESYSTEM not set).
2024-07-25 16:46:38.628 [info] > git rev-parse --show-toplevel [1ms]
2024-07-25 16:46:38.628 [info] fatal: not a git repository (or any parent up to mount point /)
Stopping at filesystem boundary (GIT_DISCOVERY_ACROSS_FILESYSTEM not set).
2024-07-25 16:46:38.637 [info] > git rev-parse --show-toplevel [2ms]
2024-07-25 16:46:38.637 [info] fatal: not a git repository (or any parent up to mount point /)
Stopping at filesystem boundary (GIT_DISCOVERY_ACROSS_FILESYSTEM not set).
2024-07-25 16:46:38.646 [info] > git rev-parse --show-toplevel [2ms]
2024-07-25 16:46:38.646 [info] fatal: not a git repository (or any parent up to mount point /)
Stopping at filesystem boundary (GIT_DISCOVERY_ACROSS_FILESYSTEM not set).
2024-07-25 16:46:57.590 [info] > git rev-parse --show-toplevel [10ms]
2024-07-25 16:46:57.590 [info] fatal: not a git repository (or any parent up to mount point /)
Stopping at filesystem boundary (GIT_DISCOVERY_ACROSS_FILESYSTEM not set).
2024-07-25 16:47:53.345 [info] > git rev-parse --show-toplevel [3ms]
2024-07-25 16:47:53.345 [info] fatal: not a git repository (or any parent up to mount point /)
Stopping at filesystem boundary (GIT_DISCOVERY_ACROSS_FILESYSTEM not set).
2024-07-25 16:49:59.547 [info] > git rev-parse --show-toplevel [4ms]
2024-07-25 16:49:59.547 [info] fatal: not a git repository (or any parent up to mount point /)
Stopping at filesystem boundary (GIT_DISCOVERY_ACROSS_FILESYSTEM not set).
2024-07-25 16:50:04.100 [info] > git rev-parse --show-toplevel [2ms]
2024-07-25 16:50:04.100 [info] fatal: not a git repository (or any parent up to mount point /)
Stopping at filesystem boundary (GIT_DISCOVERY_ACROSS_FILESYSTEM not set).
2024-07-25 16:50:20.360 [info] > git rev-parse --show-toplevel [3ms]
2024-07-25 16:50:20.360 [info] fatal: not a git repository (or any parent up to mount point /)
Stopping at filesystem boundary (GIT_DISCOVERY_ACROSS_FILESYSTEM not set).
2024-07-25 16:50:31.067 [info] > git rev-parse --show-toplevel [6ms]
2024-07-25 16:50:31.067 [info] fatal: not a git repository (or any parent up to mount point /)
Stopping at filesystem boundary (GIT_DISCOVERY_ACROSS_FILESYSTEM not set).
2024-07-25 16:50:51.949 [info] > git rev-parse --show-toplevel [3ms]
2024-07-25 16:50:51.949 [info] fatal: not a git repository (or any parent up to mount point /)
Stopping at filesystem boundary (GIT_DISCOVERY_ACROSS_FILESYSTEM not set).
2024-07-25 16:55:22.427 [info] > git rev-parse --show-toplevel [4ms]
2024-07-25 16:55:22.427 [info] fatal: not a git repository (or any parent up to mount point /)
Stopping at filesystem boundary (GIT_DISCOVERY_ACROSS_FILESYSTEM not set).
2024-07-25 16:55:28.250 [info] > git rev-parse --show-toplevel [4ms]
2024-07-25 16:55:28.250 [info] fatal: not a git repository (or any parent up to mount point /)
Stopping at filesystem boundary (GIT_DISCOVERY_ACROSS_FILESYSTEM not set).
2024-07-25 16:55:47.148 [info] > git rev-parse --show-toplevel [6ms]
2024-07-25 16:55:47.148 [info] fatal: not a git repository (or any parent up to mount point /)
Stopping at filesystem boundary (GIT_DISCOVERY_ACROSS_FILESYSTEM not set).
2024-07-25 16:55:48.586 [info] > git rev-parse --show-toplevel [4ms]
2024-07-25 16:55:48.587 [info] fatal: not a git repository (or any parent up to mount point /)
Stopping at filesystem boundary (GIT_DISCOVERY_ACROSS_FILESYSTEM not set).
