2024-07-25 17:18:37.314 [info] Reading sessions from keychain...
2024-07-25 17:18:37.330 [info] Getting sessions for all scopes...
2024-07-25 17:18:37.330 [info] Got 0 sessions for ...
2024-07-25 17:18:37.385 [info] Getting sessions for read:user,repo,user:email,workflow...
2024-07-25 17:18:37.385 [info] Got 0 sessions for read:user,repo,user:email,workflow...
2024-07-25 17:18:42.870 [info] Getting sessions for read:user,repo,user:email,workflow...
2024-07-25 17:18:42.870 [info] Got 0 sessions for read:user,repo,user:email,workflow...
2024-07-25 17:18:57.750 [info] Getting sessions for read:user,repo,user:email,workflow...
2024-07-25 17:18:57.750 [info] Got 0 sessions for read:user,repo,user:email,workflow...
2024-07-25 17:19:21.340 [info] Getting sessions for read:user,repo,user:email,workflow...
2024-07-25 17:19:21.340 [info] Got 0 sessions for read:user,repo,user:email,workflow...
2024-07-25 17:19:23.525 [info] Logging in for the following scopes: read:user repo user:email workflow
2024-07-25 17:19:23.981 [info] Trying device code flow... (read:user repo user:email workflow)
2024-07-25 17:21:47.768 [error] Timed out
2024-07-25 17:22:26.322 [info] Trying to retrieve PAT... (read:user repo user:email workflow)
2024-07-25 17:22:45.829 [info] Getting token scopes...
2024-07-25 17:22:46.053 [info] Getting user info...
2024-07-25 17:22:46.287 [info] Got account info!
2024-07-25 17:22:46.288 [info] Storing 1 sessions...
2024-07-25 17:22:46.360 [info] Reading sessions from keychain...
2024-07-25 17:22:46.361 [info] Stored 1 sessions!
2024-07-25 17:22:46.361 [info] Login success!
2024-07-25 17:22:46.448 [info] Got stored sessions!
2024-07-25 17:22:46.448 [info] Got 1 verified sessions.
